<?xml version="1.0" encoding="UTF-8"?>
<!-- Generated by org.testng.reporters.JUnitReportReporter -->
<testsuite skipped="0" hostname="vensys110" name="com.demo.testsuites.RegistrationTest" tests="1" failures="0" timestamp="29 Aug 2018 09:07:34 GMT" time="21.214" errors="0">
  <testcase name="registration" time="21.214" classname="com.demo.testsuites.RegistrationTest"/>
</testsuite> <!-- com.demo.testsuites.RegistrationTest -->
