<?xml version="1.0" encoding="UTF-8"?>
<!-- Generated by org.testng.reporters.JUnitReportReporter -->
<testsuite skipped="0" hostname="vensys110" name="com.demo.testsuites.HomepageTest" tests="2" failures="0" timestamp="23 Aug 2018 11:50:19 GMT" time="17.944" errors="0">
  <testcase name="setDriverr" time="14.039" classname="com.demo.testsuites.HomepageTest"/>
  <testcase name="clickRegistrationLink" time="3.905" classname="com.demo.testsuites.HomepageTest"/>
</testsuite> <!-- com.demo.testsuites.HomepageTest -->
