<?xml version="1.0" encoding="UTF-8"?>
<!-- Generated by org.testng.reporters.JUnitReportReporter -->
<testsuite skipped="0" hostname="vensys110" name="com.jala.testsuites.LoginTest" tests="2" failures="0" timestamp="20 Aug 2018 08:35:03 GMT" time="8.010" errors="0">
  <testcase name="loginAdminwithINValid" time="2.004" classname="com.jala.testsuites.LoginTest"/>
  <testcase name="loginAdminwithValid" time="6.006" classname="com.jala.testsuites.LoginTest"/>
</testsuite> <!-- com.jala.testsuites.LoginTest -->
